.====================================================================.
                                                                      
 .d8888b.   .o8888b.   db  .d8888b.  d8888b. d88888b d8888b.  .d888b. 
.8P    Y8. d8P    Y8   88 .8P    Y8. 88  `8D 88'     88  `8D .8P , Y8.
88      88 8P      oooo88 88      88 88oooY' 88oooo  88oobY' 88  |  88
88      88 8b      ~~~~88 88      88 88~~~b. 88~~~~  88`8b   88  |/ 88
`8b    d8' Y8b    d8   88 `8b    d8' 88   8D 88.     88 `88. `8b | d8'
 `Y8888P'   `Y8888P'   YP  `Y8888P'  Y8888P' Y88888P 88   YD  `Y888P' 
                                                                      
`========================== INSTALLATION LOG ========================'

[2016/04/09 11:15:53] Host: Darwin daslicht.multi.box 15.4.0 Darwin Kernel Version 15.4.0: Fri Feb 26 22:08:05 PST 2016; root:xnu-3248.40.184~3/RELEASE_X86_64 x86_64
[2016/04/09 11:15:53] PHP version: 5.6.19
[2016/04/09 11:15:53] Server software: Apache/2.4.18 (Unix) PHP/5.6.19
[2016/04/09 11:15:53] Operating system: Darwin
[2016/04/09 11:15:53] Memory limit: 128M
[2016/04/09 11:15:53] Max execution time: 3600
.============================ POST REQUEST ==========================.
[2016/04/09 11:15:55] Postback payload: Array
(
    [code] => phpVersion
    [handler] => onCheckRequirement
)

[2016/04/09 11:15:55] System check: phpVersion
[2016/04/09 11:15:55] Requirement phpVersion +OK
[2016/04/09 11:15:55] Execute handler (onCheckRequirement): Array
(
    [result] => 1
)

.============================ POST REQUEST ==========================.
[2016/04/09 11:15:56] Postback payload: Array
(
    [code] => curlLibrary
    [handler] => onCheckRequirement
)

[2016/04/09 11:15:56] System check: curlLibrary
[2016/04/09 11:15:56] Requirement curlLibrary +OK
[2016/04/09 11:15:56] Execute handler (onCheckRequirement): Array
(
    [result] => 1
)

.============================ POST REQUEST ==========================.
[2016/04/09 11:15:56] Postback payload: Array
(
    [code] => liveConnection
    [handler] => onCheckRequirement
)

[2016/04/09 11:15:56] System check: liveConnection
[2016/04/09 11:15:57] Server request: ping
[2016/04/09 11:15:57] Request information: Array
(
    [url] => http://octobercms.com/api/ping
    [content_type] => application/json
    [http_code] => 200
    [header_size] => 577
    [request_size] => 169
    [filetime] => -1
    [ssl_verify_result] => 0
    [redirect_count] => 0
    [total_time] => 0.342865
    [namelookup_time] => 0.00468
    [connect_time] => 0.158232
    [pretransfer_time] => 0.158269
    [size_upload] => 38
    [size_download] => 14
    [speed_download] => 40
    [speed_upload] => 110
    [download_content_length] => 14
    [upload_content_length] => 38
    [starttransfer_time] => 0.342846
    [redirect_time] => 0
    [redirect_url] => 
    [primary_ip] => 50.116.3.170
    [certinfo] => Array
        (
        )

    [primary_port] => 80
    [local_ip] => 192.168.178.52
    [local_port] => 50742
)

[2016/04/09 11:15:57] Requirement liveConnection +OK
[2016/04/09 11:15:57] Execute handler (onCheckRequirement): Array
(
    [result] => 1
)

.============================ POST REQUEST ==========================.
[2016/04/09 11:15:57] Postback payload: Array
(
    [code] => writePermission
    [handler] => onCheckRequirement
)

[2016/04/09 11:15:57] System check: writePermission
[2016/04/09 11:15:57] Requirement writePermission +OK
[2016/04/09 11:15:57] Execute handler (onCheckRequirement): Array
(
    [result] => 1
)

.============================ POST REQUEST ==========================.
[2016/04/09 11:15:58] Postback payload: Array
(
    [code] => pdoLibrary
    [handler] => onCheckRequirement
)

[2016/04/09 11:15:58] System check: pdoLibrary
[2016/04/09 11:15:58] Requirement pdoLibrary +OK
[2016/04/09 11:15:58] Execute handler (onCheckRequirement): Array
(
    [result] => 1
)

.============================ POST REQUEST ==========================.
[2016/04/09 11:15:58] Postback payload: Array
(
    [code] => mbstringLibrary
    [handler] => onCheckRequirement
)

[2016/04/09 11:15:58] System check: mbstringLibrary
[2016/04/09 11:15:58] Requirement mbstringLibrary +OK
[2016/04/09 11:15:58] Execute handler (onCheckRequirement): Array
(
    [result] => 1
)

.============================ POST REQUEST ==========================.
[2016/04/09 11:15:59] Postback payload: Array
(
    [code] => sslLibrary
    [handler] => onCheckRequirement
)

[2016/04/09 11:15:59] System check: sslLibrary
[2016/04/09 11:15:59] Requirement sslLibrary +OK
[2016/04/09 11:15:59] Execute handler (onCheckRequirement): Array
(
    [result] => 1
)

.============================ POST REQUEST ==========================.
[2016/04/09 11:15:59] Postback payload: Array
(
    [code] => zipLibrary
    [handler] => onCheckRequirement
)

[2016/04/09 11:15:59] System check: zipLibrary
[2016/04/09 11:15:59] Requirement zipLibrary +OK
[2016/04/09 11:15:59] Execute handler (onCheckRequirement): Array
(
    [result] => 1
)

.============================ POST REQUEST ==========================.
[2016/04/09 11:16:00] Postback payload: Array
(
    [code] => gdLibrary
    [handler] => onCheckRequirement
)

[2016/04/09 11:16:00] System check: gdLibrary
[2016/04/09 11:16:00] Requirement gdLibrary +OK
[2016/04/09 11:16:00] Execute handler (onCheckRequirement): Array
(
    [result] => 1
)

.============================ POST REQUEST ==========================.
[2016/04/09 11:16:41] Postback payload: Array
(
    [db_type] => sqlite
    [db_name] => storage/database.sqlite
    [admin_first_name] => Marc
    [admin_last_name] => Wensauer
    [admin_email] => *******@*****.com
    [admin_login] => daslicht
    [admin_password] => *******
    [admin_confirm_password] => *******
    [backend_uri] => /backend
    [encryption_code] => *******
    [file_mask] => 777
    [folder_mask] => 777
    [handler] => onValidateDatabase
)

.============================ POST REQUEST ==========================.
[2016/04/09 11:16:41] Postback payload: Array
(
    [db_type] => sqlite
    [db_name] => storage/database.sqlite
    [admin_first_name] => Marc
    [admin_last_name] => Wensauer
    [admin_email] => *******@*****.com
    [admin_login] => daslicht
    [admin_password] => *******
    [admin_confirm_password] => *******
    [backend_uri] => /backend
    [encryption_code] => *******
    [file_mask] => 777
    [folder_mask] => 777
    [handler] => onValidateAdminAccount
)

.============================ POST REQUEST ==========================.
[2016/04/09 11:16:41] Postback payload: Array
(
    [db_type] => sqlite
    [db_name] => storage/database.sqlite
    [admin_first_name] => Marc
    [admin_last_name] => Wensauer
    [admin_email] => *******@*****.com
    [admin_login] => daslicht
    [admin_password] => *******
    [admin_confirm_password] => *******
    [backend_uri] => /backend
    [encryption_code] => *******
    [file_mask] => 777
    [folder_mask] => 777
    [handler] => onValidateAdvancedConfig
)

.============================ POST REQUEST ==========================.
[2016/04/09 11:16:44] Postback payload: Array
(
    [step] => getMetaData
    [meta] => 
    [handler] => onInstallStep
)

[2016/04/09 11:16:44] Install step: getMetaData
[2016/04/09 11:16:44] Server request: core/install
[2016/04/09 11:16:44] Request information: Array
(
    [url] => http://octobercms.com/api/core/install
    [content_type] => application/json
    [http_code] => 200
    [header_size] => 582
    [request_size] => 177
    [filetime] => -1
    [ssl_verify_result] => 0
    [redirect_count] => 0
    [total_time] => 0.424285
    [namelookup_time] => 0.004308
    [connect_time] => 0.157301
    [pretransfer_time] => 0.157344
    [size_upload] => 38
    [size_download] => 134
    [speed_download] => 315
    [speed_upload] => 89
    [download_content_length] => 134
    [upload_content_length] => 38
    [starttransfer_time] => 0.424267
    [redirect_time] => 0
    [redirect_url] => 
    [primary_ip] => 50.116.3.170
    [certinfo] => Array
        (
        )

    [primary_port] => 80
    [local_ip] => 192.168.178.52
    [local_port] => 50744
)

[2016/04/09 11:16:44] Step getMetaData +OK
[2016/04/09 11:16:44] Execute handler (onInstallStep): Array
(
    [result] => Array
        (
            [core] => Array
                (
                    [hash] => 5bad5dfd5b1f17d2796be2433f52081d
                    [build] => 318
                    [uhash] => 4eee9cc90101d85359af6f8a43cc8e05
                )

            [plugins] => Array
                (
                )

            [themes] => Array
                (
                )

        )

)

.============================ POST REQUEST ==========================.
[2016/04/09 11:16:45] Postback payload: Array
(
    [step] => downloadCore
    [meta] => Array
        (
            [core] => Array
                (
                    [hash] => 5bad5dfd5b1f17d2796be2433f52081d
                    [build] => 318
                    [uhash] => 4eee9cc90101d85359af6f8a43cc8e05
                )

        )

    [handler] => onInstallStep
)

[2016/04/09 11:16:45] Install step: downloadCore
[2016/04/09 11:16:48] Saving to file (core): /Applications/AMPPS/www/october/install_files/temp/a74ad8dfacd4f985eb3977517615ce25.arc
[2016/04/09 11:16:48] Step downloadCore +OK
[2016/04/09 11:16:48] Execute handler (onInstallStep): Array
(
    [result] => 
)

.============================ POST REQUEST ==========================.
[2016/04/09 11:16:49] Postback payload: Array
(
    [step] => extractCore
    [meta] => Array
        (
            [core] => Array
                (
                    [hash] => 5bad5dfd5b1f17d2796be2433f52081d
                    [build] => 318
                    [uhash] => 4eee9cc90101d85359af6f8a43cc8e05
                )

        )

    [handler] => onInstallStep
)

[2016/04/09 11:16:49] Install step: extractCore
[2016/04/09 11:16:49] Extracting file (core): a74ad8dfacd4f985eb3977517615ce25.arc
[2016/04/09 11:16:50] Step extractCore +OK
[2016/04/09 11:16:50] Execute handler (onInstallStep): Array
(
    [result] => 1
)

.============================ POST REQUEST ==========================.
[2016/04/09 11:16:50] Postback payload: Array
(
    [step] => setupConfig
    [meta] => Array
        (
            [core] => Array
                (
                    [hash] => 5bad5dfd5b1f17d2796be2433f52081d
                    [build] => 318
                    [uhash] => 4eee9cc90101d85359af6f8a43cc8e05
                )

        )

    [db_type] => sqlite
    [db_name] => storage/database.sqlite
    [admin_first_name] => Marc
    [admin_last_name] => Wensauer
    [admin_email] => *******@*****.com
    [admin_login] => daslicht
    [admin_password] => *******
    [admin_confirm_password] => *******
    [backend_uri] => /backend
    [encryption_code] => *******
    [file_mask] => 777
    [folder_mask] => 777
    [handler] => onInstallStep
)

[2016/04/09 11:16:50] Install step: setupConfig
[2016/04/09 11:16:50] Step setupConfig +OK
[2016/04/09 11:16:50] Execute handler (onInstallStep): Array
(
    [result] => 
)

.============================ POST REQUEST ==========================.
[2016/04/09 11:16:51] Postback payload: Array
(
    [step] => createAdmin
    [meta] => Array
        (
            [core] => Array
                (
                    [hash] => 5bad5dfd5b1f17d2796be2433f52081d
                    [build] => 318
                    [uhash] => 4eee9cc90101d85359af6f8a43cc8e05
                )

        )

    [db_type] => sqlite
    [db_name] => storage/database.sqlite
    [admin_first_name] => Marc
    [admin_last_name] => Wensauer
    [admin_email] => *******@*****.com
    [admin_login] => daslicht
    [admin_password] => *******
    [admin_confirm_password] => *******
    [backend_uri] => /backend
    [encryption_code] => *******
    [file_mask] => 777
    [folder_mask] => 777
    [handler] => onInstallStep
)

[2016/04/09 11:16:51] Install step: createAdmin
[2016/04/09 11:16:51] Step createAdmin +OK
[2016/04/09 11:16:51] Execute handler (onInstallStep): Array
(
    [result] => 
)

.============================ POST REQUEST ==========================.
[2016/04/09 11:16:51] Postback payload: Array
(
    [disableLog] => 1
)

[2016/04/09 11:16:51] Install step: setupProject
[2016/04/09 11:16:51] Step setupProject +OK
[2016/04/09 11:16:51] Execute handler (onInstallStep): Array
(
    [result] => 
)

.============================ POST REQUEST ==========================.
[2016/04/09 11:16:52] Postback payload: Array
(
    [step] => finishInstall
    [meta] => Array
        (
            [core] => Array
                (
                    [hash] => 5bad5dfd5b1f17d2796be2433f52081d
                    [build] => 318
                    [uhash] => 4eee9cc90101d85359af6f8a43cc8e05
                )

        )

    [hash] => 5bad5dfd5b1f17d2796be2433f52081d
    [build] => 318
    [uhash] => 4eee9cc90101d85359af6f8a43cc8e05
    [handler] => onInstallStep
)

[2016/04/09 11:16:52] Install step: finishInstall
[2016/04/09 11:16:52] Cleaning up file: a74ad8dfacd4f985eb3977517615ce25.arc
[2016/04/09 11:16:52] Step finishInstall +OK
[2016/04/09 11:16:52] Execute handler (onInstallStep): Array
(
    [result] => 
)

